<?xml version="1.0" encoding="UTF-8"?>
<testsuite xmlns:xsi="http://www.w3.org/2001/XMLSchema-instance" xsi:noNamespaceSchemaLocation="https://maven.apache.org/surefire/maven-surefire-plugin/xsd/surefire-test-report.xsd" name="com.junit5.TestYaml" time="0.125" tests="8" errors="1" skipped="0" failures="3">
  <properties>
[...]
</properties>
  <testcase name="testddt{String}[1]" classname="com.junit5.TestYaml" time="0.003">
    <failure message="expected: &lt;true&gt; but was: &lt;false&gt;" type="org.opentest4j.AssertionFailedError"><![CDATA[org.opentest4j.AssertionFailedError: expected: <true> but was: <false>
	at com.junit5.TestYaml.testddt(TestYaml.java:25)
]]></failure>
  </testcase>
  <testcase name="testddt{String}[2]" classname="com.junit5.TestYaml" time="0.005">
    <failure message="expected: &lt;true&gt; but was: &lt;false&gt;" type="org.opentest4j.AssertionFailedError"><![CDATA[org.opentest4j.AssertionFailedError: expected: <true> but was: <false>
	at com.junit5.TestYaml.testddt(TestYaml.java:25)
]]></failure>
  </testcase>
  <testcase name="testddt{String}[3]" classname="com.junit5.TestYaml" time="0.005">
    <failure message="expected: &lt;true&gt; but was: &lt;false&gt;" type="org.opentest4j.AssertionFailedError"><![CDATA[org.opentest4j.AssertionFailedError: expected: <true> but was: <false>
	at com.junit5.TestYaml.testddt(TestYaml.java:25)
]]></failure>
  </testcase>
  <testcase name="testddt{String}[4]" classname="com.junit5.TestYaml" time="0.004"/>
  <testcase name="testDDTFormYaml{User}" classname="com.junit5.TestYaml" time="0.026">
    <error message="com/fasterxml/jackson/core/FormatFeature" type="java.lang.NoClassDefFoundError">java.lang.NoClassDefFoundError: com/fasterxml/jackson/core/FormatFeature
	at com.junit5.TestYaml.testDDTFormYaml(TestYaml.java:45)
Caused by: java.lang.ClassNotFoundException: com.fasterxml.jackson.core.FormatFeature
	at com.junit5.TestYaml.testDDTFormYaml(TestYaml.java:45)
</error>
  </testcase>
  <testcase name="testDDTFromJson{User}[1]" classname="com.junit5.TestYaml" time="0.005"/>
  <testcase name="testDDTFromJson{User}[2]" classname="com.junit5.TestYaml" time="0.003"/>
  <testcase name="testDDTFromJson{User}[3]" classname="com.junit5.TestYaml" time="0.004"/>
</testsuite>